[07/Oct/2020:15:32:58] (I): WordPress Instance Info:
[07/Oct/2020:15:32:58] (I): Home URL : http://localhost
[07/Oct/2020:15:32:58] (I): Site URL : http://localhost
[07/Oct/2020:15:32:58] (I): WordPress Version : 5.5.1
[07/Oct/2020:15:32:58] (I): Onboarding Version : 1.0.10
[07/Oct/2020:15:32:58] (I): Multisite : No
[07/Oct/2020:15:32:58] (I): Server Info : Apache/2.2.34 (Unix) mod_wsgi/3.5 Python/2.7.13 PHP/7.2.10 mod_ssl/2.2.34 OpenSSL/1.0.2o DAV/2 mod_fastcgi/mod_fastcgi-SNAP-0910052141 mod_perl/2.0.9 Perl/v5.24.0
[07/Oct/2020:15:32:58] (I): PHP Version : 7.2.10
[07/Oct/2020:15:32:58] (I): HTTPS : No
[07/Oct/2020:15:32:58] (I): PHP Max Execution Time : 30
[07/Oct/2020:15:32:58] (I): PHP Max Input Vars : 1000
[07/Oct/2020:15:32:58] (I): Max Upload Size : 8388608
[07/Oct/2020:15:32:58] (I): Plugins:
[07/Oct/2020:15:32:58] (I): [PLUGIN] Header Footer for Beaver Builder : v1.2.0 (Brainstorm Force)
[07/Oct/2020:15:32:58] (I): [PLUGIN] Beaver Builder Plugin (Lite Version) : v2.4.0.5 (The Beaver Builder Team)
[07/Oct/2020:15:32:58] (I): [PLUGIN] Custom Adobe Fonts (Typekit) : v1.0.18 (Brainstorm Force)
[07/Oct/2020:15:32:58] (I): [PLUGIN] Scriptless Social Sharing : v3.1.5 (Robin Cornett)
[07/Oct/2020:15:32:58] (I): [PLUGIN] Simply Static : v2.1.0 (Code of Conduct LLC)
[07/Oct/2020:15:32:58] (I): [PLUGIN] Templates Patterns Collection : v1.0.10 (ThemeIsle)
[07/Oct/2020:15:32:58] (I): [PLUGIN] Orbit Fox Companion : v2.9.19 (Themeisle)
[07/Oct/2020:15:32:58] (I): [PLUGIN] Beaver Builder Addons by WPZOOM : v1.3.2 (WPZOOM)
